生成启动时间为 2014/12/2 16:41:15。
     1>项目“D:\gitforlab\SentenceSplit\SentenceSplit\SentenceSplit.vcxproj”在节点 2 上(build 个目标)。
     1>InitializeBuildStatus:
         正在对“Debug\SentenceSplit.unsuccessfulbuild”执行 Touch 任务。
       ClCompile:
         d:\Program Files (x86)\Microsoft Visual Studio 10.0\VC\bin\CL.exe /c /ZI /nologo /W3 /WX- /Od /Oy- /D _MBCS /Gm /EHsc /RTC1 /MDd /GS /fp:precise /Zc:wchar_t /Zc:forScope /Fo"Debug\\" /Fd"Debug\vc100.pdb" /Gd /TP /analyze- /errorReport:prompt main.cpp
         main.cpp
     1>d:\gitforlab\sentencesplit\sentencesplit\main.cpp(26): warning C4018: “<”: 有符号/无符号不匹配
       Link:
         d:\Program Files (x86)\Microsoft Visual Studio 10.0\VC\bin\link.exe /ERRORREPORT:PROMPT /OUT:"D:\gitforlab\SentenceSplit\Debug\SentenceSplit.exe" /NOLOGO kernel32.lib user32.lib gdi32.lib winspool.lib comdlg32.lib advapi32.lib shell32.lib ole32.lib oleaut32.lib uuid.lib odbc32.lib odbccp32.lib /MANIFEST /ManifestFile:"Debug\SentenceSplit.exe.intermediate.manifest" /MANIFESTUAC:"level='asInvoker' uiAccess='false'" /DEBUG /PDB:"D:\gitforlab\SentenceSplit\Debug\SentenceSplit.pdb" /TLBID:1 /DYNAMICBASE /NXCOMPAT /IMPLIB:"D:\gitforlab\SentenceSplit\Debug\SentenceSplit.lib" /MACHINE:X86 Debug\main.obj
         Debug\SentAndPosition.obj
         Debug\SentenceSplit.obj
         LINK : 没有找到 D:\gitforlab\SentenceSplit\Debug\SentenceSplit.exe 或上一个增量链接没有生成它；正在执行完全链接
         SentenceSplit.vcxproj -> D:\gitforlab\SentenceSplit\Debug\SentenceSplit.exe
       Manifest:
         C:\Program Files (x86)\Microsoft SDKs\Windows\v7.0A\bin\mt.exe /nologo /verbose /outputresource:"D:\gitforlab\SentenceSplit\Debug\SentenceSplit.exe;#1" /manifest Debug\SentenceSplit.exe.intermediate.manifest
       FinalizeBuildStatus:
         正在删除文件“Debug\SentenceSplit.unsuccessfulbuild”。
         正在对“Debug\SentenceSplit.lastbuildstate”执行 Touch 任务。
     1>已完成生成项目“D:\gitforlab\SentenceSplit\SentenceSplit\SentenceSplit.vcxproj”(build 个目标)的操作。

生成成功。

已用时间 00:00:01.79
