生成启动时间为 2014/10/13 10:49:17。
     1>项目“D:\gitforlab\ContentMatch\ContentMatch\ContentMatch.vcxproj”在节点 2 上(build 个目标)。
     1>InitializeBuildStatus:
         正在对“Debug\ContentMatch.unsuccessfulbuild”执行 Touch 任务。
       ClCompile:
         d:\Program Files (x86)\Microsoft Visual Studio 10.0\VC\bin\CL.exe /c /ZI /nologo /W3 /WX- /Od /Oy- /D _MBCS /Gm /EHsc /RTC1 /MDd /GS /fp:precise /Zc:wchar_t /Zc:forScope /Fo"Debug\\" /Fd"Debug\vc100.pdb" /Gd /TP /analyze- /errorReport:prompt main.cpp src\ArticleAnalyze.cpp src\CompareArticles.cpp src\ModifyResult.cpp
         CompareArticles.cpp
     1>d:\gitforlab\contentmatch\contentmatch\src\articleanalyze.h : warning C4819: 该文件包含不能在当前代码页(936)中表示的字符。请将该文件保存为 Unicode 格式以防止数据丢失
     1>d:\gitforlab\contentmatch\contentmatch\src\articleanalyze.h : warning C4819: 该文件包含不能在当前代码页(936)中表示的字符。请将该文件保存为 Unicode 格式以防止数据丢失
     1>d:\gitforlab\contentmatch\contentmatch\src\comparearticles.cpp(19): warning C4018: “<”: 有符号/无符号不匹配
     1>d:\gitforlab\contentmatch\contentmatch\src\comparearticles.cpp(23): warning C4018: “<”: 有符号/无符号不匹配
     1>d:\gitforlab\contentmatch\contentmatch\src\comparearticles.cpp(68): warning C4018: “<”: 有符号/无符号不匹配
     1>d:\gitforlab\contentmatch\contentmatch\src\comparearticles.cpp(10): warning C4101: “BIter”: 未引用的局部变量
     1>d:\gitforlab\contentmatch\contentmatch\src\comparearticles.cpp(117): warning C4018: “<”: 有符号/无符号不匹配
         ArticleAnalyze.cpp
     1>d:\gitforlab\contentmatch\contentmatch\src\articleanalyze.h : warning C4819: 该文件包含不能在当前代码页(936)中表示的字符。请将该文件保存为 Unicode 格式以防止数据丢失
         main.cpp
     1>d:\gitforlab\contentmatch\contentmatch\lib\libicttextmining.a : warning C4819: 该文件包含不能在当前代码页(936)中表示的字符。请将该文件保存为 Unicode 格式以防止数据丢失
     1>d:\gitforlab\contentmatch\contentmatch\lib\libicttextmining.a(1): error C2059: 语法错误:“<”
     1>d:\gitforlab\contentmatch\contentmatch\lib\libicttextmining.a(2): error C2018: 未知字符“0x60”
     1>d:\gitforlab\contentmatch\contentmatch\lib\libicttextmining.a(3): error C2017: 非法的转义序列
     1>d:\gitforlab\contentmatch\contentmatch\lib\libicttextmining.a(3): error C2018: 未知字符“0x1d”
     1>d:\gitforlab\contentmatch\contentmatch\lib\libicttextmining.a(3): error C2018: 未知字符“0x1d”
     1>d:\gitforlab\contentmatch\contentmatch\lib\libicttextmining.a(3): error C2018: 未知字符“0x1d”
     1>d:\gitforlab\contentmatch\contentmatch\lib\libicttextmining.a(3): error C2018: 未知字符“0x1d”
     1>d:\gitforlab\contentmatch\contentmatch\lib\libicttextmining.a(3): error C2018: 未知字符“0x1d”
     1>d:\gitforlab\contentmatch\contentmatch\lib\libicttextmining.a(3): error C2018: 未知字符“0x1d”
     1>d:\gitforlab\contentmatch\contentmatch\lib\libicttextmining.a(3): error C2018: 未知字符“0x1d”
     1>d:\gitforlab\contentmatch\contentmatch\lib\libicttextmining.a(3): error C2018: 未知字符“0x1d”
     1>d:\gitforlab\contentmatch\contentmatch\lib\libicttextmining.a(3): error C2018: 未知字符“0x1d”
     1>d:\gitforlab\contentmatch\contentmatch\lib\libicttextmining.a(3): error C2018: 未知字符“0x1d”
     1>d:\gitforlab\contentmatch\contentmatch\lib\libicttextmining.a(3): error C2018: 未知字符“0x1d”
     1>d:\gitforlab\contentmatch\contentmatch\lib\libicttextmining.a(3): error C2018: 未知字符“0x1d”
     1>d:\gitforlab\contentmatch\contentmatch\lib\libicttextmining.a(3): error C2018: 未知字符“0x1d”
     1>d:\gitforlab\contentmatch\contentmatch\lib\libicttextmining.a(3): error C2018: 未知字符“0x1d”
     1>d:\gitforlab\contentmatch\contentmatch\lib\libicttextmining.a(3): error C2018: 未知字符“0x1d”
     1>d:\gitforlab\contentmatch\contentmatch\lib\libicttextmining.a(3): error C2018: 未知字符“0x1d”
     1>d:\gitforlab\contentmatch\contentmatch\lib\libicttextmining.a(3): error C2018: 未知字符“0x1d”
     1>d:\gitforlab\contentmatch\contentmatch\lib\libicttextmining.a(3): error C2018: 未知字符“0x1d”
     1>d:\gitforlab\contentmatch\contentmatch\lib\libicttextmining.a(3): error C2018: 未知字符“0x1d”
     1>d:\gitforlab\contentmatch\contentmatch\lib\libicttextmining.a(3): error C2018: 未知字符“0x1d”
     1>d:\gitforlab\contentmatch\contentmatch\lib\libicttextmining.a(3): error C2018: 未知字符“0x1d”
     1>d:\gitforlab\contentmatch\contentmatch\lib\libicttextmining.a(3): error C2018: 未知字符“0x1d”
     1>d:\gitforlab\contentmatch\contentmatch\lib\libicttextmining.a(3): error C2018: 未知字符“0x1d”
     1>d:\gitforlab\contentmatch\contentmatch\lib\libicttextmining.a(3): error C2018: 未知字符“0x1d”
     1>d:\gitforlab\contentmatch\contentmatch\lib\libicttextmining.a(3): error C2018: 未知字符“0x1d”
     1>d:\gitforlab\contentmatch\contentmatch\lib\libicttextmining.a(3): error C2018: 未知字符“0x1d”
     1>d:\gitforlab\contentmatch\contentmatch\lib\libicttextmining.a(3): error C2018: 未知字符“0x1d”
     1>d:\gitforlab\contentmatch\contentmatch\lib\libicttextmining.a(3): error C2018: 未知字符“0x1d”
     1>d:\gitforlab\contentmatch\contentmatch\lib\libicttextmining.a(3): error C2018: 未知字符“0x1d”
     1>d:\gitforlab\contentmatch\contentmatch\lib\libicttextmining.a(3): error C2018: 未知字符“0x1d”
     1>d:\gitforlab\contentmatch\contentmatch\lib\libicttextmining.a(3): error C2018: 未知字符“0x1d”
     1>d:\gitforlab\contentmatch\contentmatch\lib\libicttextmining.a(3): error C2018: 未知字符“0x1d”
     1>d:\gitforlab\contentmatch\contentmatch\lib\libicttextmining.a(3): error C2018: 未知字符“0x1d”
     1>d:\gitforlab\contentmatch\contentmatch\lib\libicttextmining.a(3): error C2018: 未知字符“0x1d”
     1>d:\gitforlab\contentmatch\contentmatch\lib\libicttextmining.a(3): error C2018: 未知字符“0x1d”
     1>d:\gitforlab\contentmatch\contentmatch\lib\libicttextmining.a(3): error C2018: 未知字符“0x1d”
     1>d:\gitforlab\contentmatch\contentmatch\lib\libicttextmining.a(3): error C2018: 未知字符“0x1d”
     1>d:\gitforlab\contentmatch\contentmatch\lib\libicttextmining.a(3): error C2018: 未知字符“0x1d”
     1>d:\gitforlab\contentmatch\contentmatch\lib\libicttextmining.a(3): error C2018: 未知字符“0x1d”
     1>d:\gitforlab\contentmatch\contentmatch\lib\libicttextmining.a(3): error C2018: 未知字符“0x1d”
     1>d:\gitforlab\contentmatch\contentmatch\lib\libicttextmining.a(3): error C2018: 未知字符“0x1d”
     1>d:\gitforlab\contentmatch\contentmatch\lib\libicttextmining.a(3): error C2018: 未知字符“0x1d”
     1>d:\gitforlab\contentmatch\contentmatch\lib\libicttextmining.a(3): error C2018: 未知字符“0x1d”
     1>d:\gitforlab\contentmatch\contentmatch\lib\libicttextmining.a(3): error C2018: 未知字符“0x1d”
     1>d:\gitforlab\contentmatch\contentmatch\lib\libicttextmining.a(3): error C2018: 未知字符“0x1d”
     1>d:\gitforlab\contentmatch\contentmatch\lib\libicttextmining.a(3): error C2018: 未知字符“0x1d”
     1>d:\gitforlab\contentmatch\contentmatch\lib\libicttextmining.a(3): error C2018: 未知字符“0x1d”
     1>d:\gitforlab\contentmatch\contentmatch\lib\libicttextmining.a(3): error C2018: 未知字符“0x1d”
     1>d:\gitforlab\contentmatch\contentmatch\lib\libicttextmining.a(3): error C2018: 未知字符“0x1d”
     1>d:\gitforlab\contentmatch\contentmatch\lib\libicttextmining.a(3): error C2018: 未知字符“0x1d”
     1>d:\gitforlab\contentmatch\contentmatch\lib\libicttextmining.a(3): error C2018: 未知字符“0x1d”
     1>d:\gitforlab\contentmatch\contentmatch\lib\libicttextmining.a(3): error C2018: 未知字符“0x1d”
     1>d:\gitforlab\contentmatch\contentmatch\lib\libicttextmining.a(3): error C2018: 未知字符“0x1d”
     1>d:\gitforlab\contentmatch\contentmatch\lib\libicttextmining.a(3): error C2018: 未知字符“0x1d”
     1>d:\gitforlab\contentmatch\contentmatch\lib\libicttextmining.a(3): error C2018: 未知字符“0x1d”
     1>d:\gitforlab\contentmatch\contentmatch\lib\libicttextmining.a(3): error C2018: 未知字符“0x1d”
     1>d:\gitforlab\contentmatch\contentmatch\lib\libicttextmining.a(3): error C2018: 未知字符“0x1d”
     1>d:\gitforlab\contentmatch\contentmatch\lib\libicttextmining.a(3): error C2018: 未知字符“0x1d”
     1>d:\gitforlab\contentmatch\contentmatch\lib\libicttextmining.a(3): error C2018: 未知字符“0x1d”
     1>d:\gitforlab\contentmatch\contentmatch\lib\libicttextmining.a(3): error C2018: 未知字符“0x1d”
     1>d:\gitforlab\contentmatch\contentmatch\lib\libicttextmining.a(3): error C2018: 未知字符“0x1d”
     1>d:\gitforlab\contentmatch\contentmatch\lib\libicttextmining.a(3): error C2018: 未知字符“0x1d”
     1>d:\gitforlab\contentmatch\contentmatch\lib\libicttextmining.a(3): error C2018: 未知字符“0x1d”
     1>d:\gitforlab\contentmatch\contentmatch\lib\libicttextmining.a(3): error C2018: 未知字符“0x1d”
     1>d:\gitforlab\contentmatch\contentmatch\lib\libicttextmining.a(3): error C2018: 未知字符“0x1d”
     1>d:\gitforlab\contentmatch\contentmatch\lib\libicttextmining.a(3): error C2018: 未知字符“0x1d”
     1>d:\gitforlab\contentmatch\contentmatch\lib\libicttextmining.a(3): error C2018: 未知字符“0x1d”
     1>d:\gitforlab\contentmatch\contentmatch\lib\libicttextmining.a(3): error C2018: 未知字符“0x1d”
     1>d:\gitforlab\contentmatch\contentmatch\lib\libicttextmining.a(3): error C2018: 未知字符“0x1d”
     1>d:\gitforlab\contentmatch\contentmatch\lib\libicttextmining.a(3): error C2018: 未知字符“0x1d”
     1>d:\gitforlab\contentmatch\contentmatch\lib\libicttextmining.a(3): error C2018: 未知字符“0x1d”
     1>d:\gitforlab\contentmatch\contentmatch\lib\libicttextmining.a(3): error C2018: 未知字符“0x1d”
     1>d:\gitforlab\contentmatch\contentmatch\lib\libicttextmining.a(3): error C2018: 未知字符“0x1d”
     1>d:\gitforlab\contentmatch\contentmatch\lib\libicttextmining.a(3): error C2018: 未知字符“0x1d”
     1>d:\gitforlab\contentmatch\contentmatch\lib\libicttextmining.a(3): error C2018: 未知字符“0x1d”
     1>d:\gitforlab\contentmatch\contentmatch\lib\libicttextmining.a(3): error C2018: 未知字符“0x1d”
     1>d:\gitforlab\contentmatch\contentmatch\lib\libicttextmining.a(3): error C2018: 未知字符“0x1d”
     1>d:\gitforlab\contentmatch\contentmatch\lib\libicttextmining.a(3): error C2018: 未知字符“0x1d”
     1>d:\gitforlab\contentmatch\contentmatch\lib\libicttextmining.a(3): error C2018: 未知字符“0x1d”
     1>d:\gitforlab\contentmatch\contentmatch\lib\libicttextmining.a(3): error C2018: 未知字符“0x1d”
     1>d:\gitforlab\contentmatch\contentmatch\lib\libicttextmining.a(3): error C2018: 未知字符“0x1d”
     1>d:\gitforlab\contentmatch\contentmatch\lib\libicttextmining.a(3): error C2018: 未知字符“0x1d”
     1>d:\gitforlab\contentmatch\contentmatch\lib\libicttextmining.a(3): error C2018: 未知字符“0x1d”
     1>d:\gitforlab\contentmatch\contentmatch\lib\libicttextmining.a(3): error C2018: 未知字符“0x1d”
     1>d:\gitforlab\contentmatch\contentmatch\lib\libicttextmining.a(3): error C2018: 未知字符“0x1d”
     1>d:\gitforlab\contentmatch\contentmatch\lib\libicttextmining.a(3): error C2018: 未知字符“0x1d”
     1>d:\gitforlab\contentmatch\contentmatch\lib\libicttextmining.a(3): error C2018: 未知字符“0x1d”
     1>d:\gitforlab\contentmatch\contentmatch\lib\libicttextmining.a(3): error C2018: 未知字符“0x1d”
     1>d:\gitforlab\contentmatch\contentmatch\lib\libicttextmining.a(3): error C2018: 未知字符“0x1d”
     1>d:\gitforlab\contentmatch\contentmatch\lib\libicttextmining.a(3): error C2018: 未知字符“0x1d”
     1>d:\gitforlab\contentmatch\contentmatch\lib\libicttextmining.a(3): error C2018: 未知字符“0x1d”
     1>d:\gitforlab\contentmatch\contentmatch\lib\libicttextmining.a(3): error C2018: 未知字符“0x1d”
     1>d:\gitforlab\contentmatch\contentmatch\lib\libicttextmining.a(3): error C2018: 未知字符“0x1d”
     1>d:\gitforlab\contentmatch\contentmatch\lib\libicttextmining.a(3): error C2018: 未知字符“0x1d”
     1>d:\gitforlab\contentmatch\contentmatch\lib\libicttextmining.a(3): error C2018: 未知字符“0x1d”
     1>d:\gitforlab\contentmatch\contentmatch\lib\libicttextmining.a(3): error C2018: 未知字符“0x1d”
     1>d:\gitforlab\contentmatch\contentmatch\lib\libicttextmining.a(3): error C2018: 未知字符“0x1d”
     1>d:\gitforlab\contentmatch\contentmatch\lib\libicttextmining.a(3): error C2018: 未知字符“0x1d”
     1>d:\gitforlab\contentmatch\contentmatch\lib\libicttextmining.a(3): fatal error C1003: 错误计数超过 100；正在停止编译
         正在生成代码...
     1>d:\gitforlab\contentmatch\contentmatch\src\articleanalyze.cpp(18): warning C4700: 使用了未初始化的局部变量“handle”
         正在编译...
         ModifyResult.cpp
     1>d:\gitforlab\contentmatch\contentmatch\src\articleanalyze.h : warning C4819: 该文件包含不能在当前代码页(936)中表示的字符。请将该文件保存为 Unicode 格式以防止数据丢失
         正在生成代码...
     1>已完成生成项目“D:\gitforlab\ContentMatch\ContentMatch\ContentMatch.vcxproj”(build 个目标)的操作 - 失败。

生成失败。

已用时间 00:00:03.22
